#! /c/Source/iverilog-install/bin/vvp
:ivl_version "12.0 (devel)" "(s20150603-1539-g2693dd32b)";
:ivl_delay_selection "TYPICAL";
:vpi_time_precision + 0;
:vpi_module "C:\iverilog\lib\ivl\system.vpi";
:vpi_module "C:\iverilog\lib\ivl\vhdl_sys.vpi";
:vpi_module "C:\iverilog\lib\ivl\vhdl_textio.vpi";
:vpi_module "C:\iverilog\lib\ivl\v2005_math.vpi";
:vpi_module "C:\iverilog\lib\ivl\va_math.vpi";
S_00000221a2606d50 .scope module, "mux2x1" "mux2x1" 2 1;
 .timescale 0 0;
    .port_info 0 /INPUT 1 "i0";
    .port_info 1 /INPUT 1 "i1";
    .port_info 2 /INPUT 1 "s";
    .port_info 3 /OUTPUT 1 "out";
o00000221a2606ee8 .functor BUFZ 1, C4<z>; HiZ drive
v00000221a25d31e0_0 .net "i0", 0 0, o00000221a2606ee8;  0 drivers
o00000221a2606f18 .functor BUFZ 1, C4<z>; HiZ drive
v00000221a25d3400_0 .net "i1", 0 0, o00000221a2606f18;  0 drivers
v00000221a254e870_0 .net "out", 0 0, L_00000221a254e9b0;  1 drivers
o00000221a2606f78 .functor BUFZ 1, C4<z>; HiZ drive
v00000221a254e910_0 .net "s", 0 0, o00000221a2606f78;  0 drivers
L_00000221a254e9b0 .functor MUXZ 1, o00000221a2606ee8, o00000221a2606f18, o00000221a2606f78, C4<>;
# The file index is used to find the file name in the following table.
:file_names 3;
    "N/A";
    "<interactive>";
    "2x1_mux.v";
