#! /c/Source/iverilog-install/bin/vvp
:ivl_version "12.0 (devel)" "(s20150603-1539-g2693dd32b)";
:ivl_delay_selection "TYPICAL";
:vpi_time_precision + 0;
:vpi_module "C:\iverilog\lib\ivl\system.vpi";
:vpi_module "C:\iverilog\lib\ivl\vhdl_sys.vpi";
:vpi_module "C:\iverilog\lib\ivl\vhdl_textio.vpi";
:vpi_module "C:\iverilog\lib\ivl\v2005_math.vpi";
:vpi_module "C:\iverilog\lib\ivl\va_math.vpi";
S_000002201f1829c0 .scope module, "mux_4x1" "mux_4x1" 2 1;
 .timescale 0 0;
    .port_info 0 /INPUT 1 "i0";
    .port_info 1 /INPUT 1 "i1";
    .port_info 2 /INPUT 1 "i2";
    .port_info 3 /INPUT 1 "i3";
    .port_info 4 /INPUT 1 "s0";
    .port_info 5 /INPUT 1 "s1";
    .port_info 6 /OUTPUT 1 "out";
o000002201f1b6fa8 .functor BUFZ 1, C4<z>; HiZ drive
v000002201f183400_0 .net "i0", 0 0, o000002201f1b6fa8;  0 drivers
o000002201f1b6fd8 .functor BUFZ 1, C4<z>; HiZ drive
v000002201f0fef00_0 .net "i1", 0 0, o000002201f1b6fd8;  0 drivers
o000002201f1b7008 .functor BUFZ 1, C4<z>; HiZ drive
v000002201f182b50_0 .net "i2", 0 0, o000002201f1b7008;  0 drivers
o000002201f1b7038 .functor BUFZ 1, C4<z>; HiZ drive
v000002201f182bf0_0 .net "i3", 0 0, o000002201f1b7038;  0 drivers
v000002201f182c90_0 .var "out", 0 0;
o000002201f1b7098 .functor BUFZ 1, C4<z>; HiZ drive
v000002201f182d30_0 .net "s0", 0 0, o000002201f1b7098;  0 drivers
o000002201f1b70c8 .functor BUFZ 1, C4<z>; HiZ drive
v000002201f0fbc40_0 .net "s1", 0 0, o000002201f1b70c8;  0 drivers
E_000002201f0fcdb0/0 .event anyedge, v000002201f0fbc40_0, v000002201f182d30_0, v000002201f183400_0, v000002201f0fef00_0;
E_000002201f0fcdb0/1 .event anyedge, v000002201f182b50_0, v000002201f182bf0_0;
E_000002201f0fcdb0 .event/or E_000002201f0fcdb0/0, E_000002201f0fcdb0/1;
    .scope S_000002201f1829c0;
T_0 ;
    %wait E_000002201f0fcdb0;
    %load/vec4 v000002201f0fbc40_0;
    %load/vec4 v000002201f182d30_0;
    %concat/vec4; draw_concat_vec4
    %dup/vec4;
    %pushi/vec4 0, 0, 2;
    %cmp/u;
    %jmp/1 T_0.0, 6;
    %dup/vec4;
    %pushi/vec4 1, 0, 2;
    %cmp/u;
    %jmp/1 T_0.1, 6;
    %dup/vec4;
    %pushi/vec4 2, 0, 2;
    %cmp/u;
    %jmp/1 T_0.2, 6;
    %dup/vec4;
    %pushi/vec4 3, 0, 2;
    %cmp/u;
    %jmp/1 T_0.3, 6;
    %pushi/vec4 0, 0, 1;
    %store/vec4 v000002201f182c90_0, 0, 1;
    %jmp T_0.5;
T_0.0 ;
    %load/vec4 v000002201f183400_0;
    %store/vec4 v000002201f182c90_0, 0, 1;
    %jmp T_0.5;
T_0.1 ;
    %load/vec4 v000002201f0fef00_0;
    %store/vec4 v000002201f182c90_0, 0, 1;
    %jmp T_0.5;
T_0.2 ;
    %load/vec4 v000002201f182b50_0;
    %store/vec4 v000002201f182c90_0, 0, 1;
    %jmp T_0.5;
T_0.3 ;
    %load/vec4 v000002201f182bf0_0;
    %store/vec4 v000002201f182c90_0, 0, 1;
    %jmp T_0.5;
T_0.5 ;
    %pop/vec4 1;
    %jmp T_0;
    .thread T_0, $push;
# The file index is used to find the file name in the following table.
:file_names 3;
    "N/A";
    "<interactive>";
    "4x1_mux.v";
