#! /c/Source/iverilog-install/bin/vvp
:ivl_version "12.0 (devel)" "(s20150603-1539-g2693dd32b)";
:ivl_delay_selection "TYPICAL";
:vpi_time_precision + 0;
:vpi_module "C:\iverilog\lib\ivl\system.vpi";
:vpi_module "C:\iverilog\lib\ivl\vhdl_sys.vpi";
:vpi_module "C:\iverilog\lib\ivl\vhdl_textio.vpi";
:vpi_module "C:\iverilog\lib\ivl\v2005_math.vpi";
:vpi_module "C:\iverilog\lib\ivl\va_math.vpi";
S_000001fc79f86c90 .scope module, "adder_8bit" "adder_8bit" 2 1;
 .timescale 0 0;
    .port_info 0 /INPUT 8 "a";
    .port_info 1 /INPUT 8 "b";
    .port_info 2 /OUTPUT 8 "sum";
o000001fc79f86e28 .functor BUFZ 8, C4<zzzzzzzz>; HiZ drive
v000001fc79f53150_0 .net "a", 7 0, o000001fc79f86e28;  0 drivers
o000001fc79f86e58 .functor BUFZ 8, C4<zzzzzzzz>; HiZ drive
v000001fc79f533e0_0 .net "b", 7 0, o000001fc79f86e58;  0 drivers
v000001fc79f3e870_0 .net "sum", 7 0, L_000001fc79f3e910;  1 drivers
L_000001fc79f3e910 .arith/sum 8, o000001fc79f86e28, o000001fc79f86e58;
# The file index is used to find the file name in the following table.
:file_names 3;
    "N/A";
    "<interactive>";
    "adder.v";
