#! /c/Source/iverilog-install/bin/vvp
:ivl_version "12.0 (devel)" "(s20150603-1539-g2693dd32b)";
:ivl_delay_selection "TYPICAL";
:vpi_time_precision + 0;
:vpi_module "C:\iverilog\lib\ivl\system.vpi";
:vpi_module "C:\iverilog\lib\ivl\vhdl_sys.vpi";
:vpi_module "C:\iverilog\lib\ivl\vhdl_textio.vpi";
:vpi_module "C:\iverilog\lib\ivl\v2005_math.vpi";
:vpi_module "C:\iverilog\lib\ivl\va_math.vpi";
S_0000019bd5c929c0 .scope module, "Register_file" "Register_file" 2 1;
 .timescale 0 0;
    .port_info 0 /INPUT 1 "clk";
    .port_info 1 /INPUT 1 "rst";
    .port_info 2 /INPUT 2 "RA";
    .port_info 3 /INPUT 2 "RB";
    .port_info 4 /INPUT 2 "ADDER";
    .port_info 5 /INPUT 8 "RDATA";
    .port_info 6 /INPUT 1 "wr_en";
    .port_info 7 /OUTPUT 8 "RD1";
    .port_info 8 /OUTPUT 8 "RD2";
L_0000019bd5c92dd0 .functor BUFZ 8, L_0000019bd5cc4240, C4<00000000>, C4<00000000>, C4<00000000>;
L_0000019bd5c93000 .functor BUFZ 8, L_0000019bd5cc3d40, C4<00000000>, C4<00000000>, C4<00000000>;
o0000019bd5cc7fa8 .functor BUFZ 2, C4<zz>; HiZ drive
v0000019bd5c92bf0_0 .net "ADDER", 1 0, o0000019bd5cc7fa8;  0 drivers
v0000019bd5c92c90 .array "R", 3 0, 7 0;
o0000019bd5cc8098 .functor BUFZ 2, C4<zz>; HiZ drive
v0000019bd5c92d30_0 .net "RA", 1 0, o0000019bd5cc8098;  0 drivers
o0000019bd5cc80c8 .functor BUFZ 2, C4<zz>; HiZ drive
v0000019bd5cc3070_0 .net "RB", 1 0, o0000019bd5cc80c8;  0 drivers
v0000019bd5cc3110_0 .net "RD1", 7 0, L_0000019bd5c92dd0;  1 drivers
v0000019bd5cc31b0_0 .net "RD2", 7 0, L_0000019bd5c93000;  1 drivers
o0000019bd5cc8158 .functor BUFZ 8, C4<zzzzzzzz>; HiZ drive
v0000019bd5cc3250_0 .net "RDATA", 7 0, o0000019bd5cc8158;  0 drivers
v0000019bd5cc32f0_0 .net "SP", 0 0, L_0000019bd5cc3980;  1 drivers
v0000019bd5cc3e80_0 .net *"_ivl_0", 7 0, L_0000019bd5cc4240;  1 drivers
v0000019bd5cc38e0_0 .net *"_ivl_10", 3 0, L_0000019bd5cc3520;  1 drivers
L_0000019bd5d11090 .functor BUFT 1, C4<00>, C4<0>, C4<0>, C4<0>;
v0000019bd5cc35c0_0 .net *"_ivl_13", 1 0, L_0000019bd5d11090;  1 drivers
v0000019bd5cc3fc0_0 .net *"_ivl_2", 3 0, L_0000019bd5cc3480;  1 drivers
L_0000019bd5d11048 .functor BUFT 1, C4<00>, C4<0>, C4<0>, C4<0>;
v0000019bd5cc3660_0 .net *"_ivl_5", 1 0, L_0000019bd5d11048;  1 drivers
v0000019bd5cc3b60_0 .net *"_ivl_8", 7 0, L_0000019bd5cc3d40;  1 drivers
o0000019bd5cc82d8 .functor BUFZ 1, C4<z>; HiZ drive
v0000019bd5cc4100_0 .net "clk", 0 0, o0000019bd5cc82d8;  0 drivers
o0000019bd5cc8308 .functor BUFZ 1, C4<z>; HiZ drive
v0000019bd5cc3840_0 .net "rst", 0 0, o0000019bd5cc8308;  0 drivers
o0000019bd5cc8338 .functor BUFZ 1, C4<z>; HiZ drive
v0000019bd5cc3ca0_0 .net "wr_en", 0 0, o0000019bd5cc8338;  0 drivers
E_0000019bd5cb5390/0 .event negedge, v0000019bd5cc3840_0;
E_0000019bd5cb5390/1 .event posedge, v0000019bd5cc4100_0;
E_0000019bd5cb5390 .event/or E_0000019bd5cb5390/0, E_0000019bd5cb5390/1;
L_0000019bd5cc4240 .array/port v0000019bd5c92c90, L_0000019bd5cc3480;
L_0000019bd5cc3480 .concat [ 2 2 0 0], o0000019bd5cc8098, L_0000019bd5d11048;
L_0000019bd5cc3d40 .array/port v0000019bd5c92c90, L_0000019bd5cc3520;
L_0000019bd5cc3520 .concat [ 2 2 0 0], o0000019bd5cc80c8, L_0000019bd5d11090;
v0000019bd5c92c90_3 .array/port v0000019bd5c92c90, 3;
L_0000019bd5cc3980 .part v0000019bd5c92c90_3, 0, 1;
    .scope S_0000019bd5c929c0;
T_0 ;
    %wait E_0000019bd5cb5390;
    %load/vec4 v0000019bd5cc3840_0;
    %inv;
    %flag_set/vec4 8;
    %jmp/0xz  T_0.0, 8;
    %pushi/vec4 0, 0, 8;
    %ix/load 3, 0, 0;
    %flag_set/imm 4, 0;
    %ix/load 4, 0, 0; Constant delay
    %assign/vec4/a/d v0000019bd5c92c90, 0, 4;
    %pushi/vec4 0, 0, 8;
    %ix/load 3, 1, 0;
    %flag_set/imm 4, 0;
    %ix/load 4, 0, 0; Constant delay
    %assign/vec4/a/d v0000019bd5c92c90, 0, 4;
    %pushi/vec4 0, 0, 8;
    %ix/load 3, 2, 0;
    %flag_set/imm 4, 0;
    %ix/load 4, 0, 0; Constant delay
    %assign/vec4/a/d v0000019bd5c92c90, 0, 4;
    %pushi/vec4 255, 0, 8;
    %ix/load 3, 3, 0;
    %flag_set/imm 4, 0;
    %ix/load 4, 0, 0; Constant delay
    %assign/vec4/a/d v0000019bd5c92c90, 0, 4;
    %jmp T_0.1;
T_0.0 ;
    %load/vec4 v0000019bd5cc3ca0_0;
    %flag_set/vec4 8;
    %jmp/0xz  T_0.2, 8;
    %load/vec4 v0000019bd5cc3250_0;
    %load/vec4 v0000019bd5c92bf0_0;
    %pad/u 4;
    %ix/vec4 3;
    %ix/load 4, 0, 0; Constant delay
    %assign/vec4/a/d v0000019bd5c92c90, 0, 4;
T_0.2 ;
T_0.1 ;
    %jmp T_0;
    .thread T_0;
# The file index is used to find the file name in the following table.
:file_names 3;
    "N/A";
    "<interactive>";
    "Register_File.v";
